mode: set
github.com/bomer/chip8/chip8/chip8.go:65.27,71.26 5 1
github.com/bomer/chip8/chip8/chip8.go:76.2,76.26 1 1
github.com/bomer/chip8/chip8/chip8.go:81.2,81.29 1 1
github.com/bomer/chip8/chip8/chip8.go:71.26,73.3 1 1
github.com/bomer/chip8/chip8/chip8.go:76.26,78.3 1 1
github.com/bomer/chip8/chip8/chip8.go:81.29,83.3 1 1
github.com/bomer/chip8/chip8/chip8.go:88.46,91.20 3 1
github.com/bomer/chip8/chip8/chip8.go:96.2,96.31 1 1
github.com/bomer/chip8/chip8/chip8.go:91.20,93.3 0 1
github.com/bomer/chip8/chip8/chip8.go:96.31,97.35 1 1
github.com/bomer/chip8/chip8/chip8.go:97.35,99.4 1 1
github.com/bomer/chip8/chip8/chip8.go:106.35,117.21 4 1
github.com/bomer/chip8/chip8/chip8.go:134.2,134.30 1 1
github.com/bomer/chip8/chip8/chip8.go:431.2,431.26 1 1
github.com/bomer/chip8/chip8/chip8.go:436.2,436.26 1 1
github.com/bomer/chip8/chip8/chip8.go:118.2,119.30 1 1
github.com/bomer/chip8/chip8/chip8.go:122.3,124.8 3 1
github.com/bomer/chip8/chip8/chip8.go:126.2,130.8 4 1
github.com/bomer/chip8/chip8/chip8.go:119.30,121.4 1 1
github.com/bomer/chip8/chip8/chip8.go:136.2,138.8 2 1
github.com/bomer/chip8/chip8/chip8.go:139.2,143.8 4 1
github.com/bomer/chip8/chip8/chip8.go:144.2,145.68 1 1
github.com/bomer/chip8/chip8/chip8.go:150.3,150.8 1 1
github.com/bomer/chip8/chip8/chip8.go:151.2,152.68 1 1
github.com/bomer/chip8/chip8/chip8.go:157.3,157.8 1 1
github.com/bomer/chip8/chip8/chip8.go:158.2,164.45 3 1
github.com/bomer/chip8/chip8/chip8.go:169.3,169.8 1 1
github.com/bomer/chip8/chip8/chip8.go:170.2,175.8 5 1
github.com/bomer/chip8/chip8/chip8.go:176.2,181.8 5 1
github.com/bomer/chip8/chip8/chip8.go:192.2,193.31 1 1
github.com/bomer/chip8/chip8/chip8.go:264.2,267.45 3 1
github.com/bomer/chip8/chip8/chip8.go:272.3,272.8 1 1
github.com/bomer/chip8/chip8/chip8.go:273.2,276.8 3 1
github.com/bomer/chip8/chip8/chip8.go:277.2,279.8 2 1
github.com/bomer/chip8/chip8/chip8.go:280.2,283.69 3 1
github.com/bomer/chip8/chip8/chip8.go:284.2,299.42 8 1
github.com/bomer/chip8/chip8/chip8.go:319.3,322.8 3 1
github.com/bomer/chip8/chip8/chip8.go:323.2,324.31 1 1
github.com/bomer/chip8/chip8/chip8.go:343.3,343.8 1 1
github.com/bomer/chip8/chip8/chip8.go:345.2,346.31 1 1
github.com/bomer/chip8/chip8/chip8.go:420.2,421.49 1 1
github.com/bomer/chip8/chip8/chip8.go:426.3,426.8 1 1
github.com/bomer/chip8/chip8/chip8.go:145.68,147.4 1 1
github.com/bomer/chip8/chip8/chip8.go:147.4,149.4 1 1
github.com/bomer/chip8/chip8/chip8.go:152.68,154.4 1 1
github.com/bomer/chip8/chip8/chip8.go:154.4,156.4 1 1
github.com/bomer/chip8/chip8/chip8.go:164.45,166.4 1 1
github.com/bomer/chip8/chip8/chip8.go:166.4,168.4 1 1
github.com/bomer/chip8/chip8/chip8.go:194.3,197.9 3 1
github.com/bomer/chip8/chip8/chip8.go:198.3,201.9 3 1
github.com/bomer/chip8/chip8/chip8.go:203.3,206.9 3 1
github.com/bomer/chip8/chip8/chip8.go:208.3,211.9 3 1
github.com/bomer/chip8/chip8/chip8.go:212.3,215.34 3 1
github.com/bomer/chip8/chip8/chip8.go:220.4,222.9 3 1
github.com/bomer/chip8/chip8/chip8.go:224.3,227.29 3 1
github.com/bomer/chip8/chip8/chip8.go:232.4,234.9 3 1
github.com/bomer/chip8/chip8/chip8.go:236.3,243.9 5 1
github.com/bomer/chip8/chip8/chip8.go:245.3,248.29 3 1
github.com/bomer/chip8/chip8/chip8.go:253.4,255.9 3 1
github.com/bomer/chip8/chip8/chip8.go:256.3,262.9 5 1
github.com/bomer/chip8/chip8/chip8.go:215.34,217.5 1 1
github.com/bomer/chip8/chip8/chip8.go:217.5,219.5 1 1
github.com/bomer/chip8/chip8/chip8.go:227.29,229.5 1 1
github.com/bomer/chip8/chip8/chip8.go:229.5,231.5 1 1
github.com/bomer/chip8/chip8/chip8.go:248.29,250.5 1 1
github.com/bomer/chip8/chip8/chip8.go:250.5,252.5 1 1
github.com/bomer/chip8/chip8/chip8.go:267.45,269.4 1 1
github.com/bomer/chip8/chip8/chip8.go:269.4,271.4 1 1
github.com/bomer/chip8/chip8/chip8.go:299.42,302.38 2 1
github.com/bomer/chip8/chip8/chip8.go:302.38,304.33 1 1
github.com/bomer/chip8/chip8/chip8.go:304.33,306.49 1 1
github.com/bomer/chip8/chip8/chip8.go:306.49,307.50 1 1
github.com/bomer/chip8/chip8/chip8.go:310.7,310.44 1 1
github.com/bomer/chip8/chip8/chip8.go:307.50,309.8 1 0
github.com/bomer/chip8/chip8/chip8.go:325.3,327.32 2 1
github.com/bomer/chip8/chip8/chip8.go:332.4,332.9 1 1
github.com/bomer/chip8/chip8/chip8.go:334.3,336.32 2 1
github.com/bomer/chip8/chip8/chip8.go:341.4,341.9 1 1
github.com/bomer/chip8/chip8/chip8.go:327.32,329.5 1 1
github.com/bomer/chip8/chip8/chip8.go:329.5,331.5 1 1
github.com/bomer/chip8/chip8/chip8.go:336.32,338.5 1 1
github.com/bomer/chip8/chip8/chip8.go:338.5,340.5 1 1
github.com/bomer/chip8/chip8/chip8.go:347.3,351.9 4 1
github.com/bomer/chip8/chip8/chip8.go:352.3,355.28 3 1
github.com/bomer/chip8/chip8/chip8.go:361.4,361.18 1 1
github.com/bomer/chip8/chip8/chip8.go:364.4,364.9 1 1
github.com/bomer/chip8/chip8/chip8.go:365.3,369.9 4 1
github.com/bomer/chip8/chip8/chip8.go:370.3,374.9 4 1
github.com/bomer/chip8/chip8/chip8.go:375.3,378.44 2 1
github.com/bomer/chip8/chip8/chip8.go:383.4,385.9 3 1
github.com/bomer/chip8/chip8/chip8.go:386.3,390.9 4 1
github.com/bomer/chip8/chip8/chip8.go:391.3,398.9 6 1
github.com/bomer/chip8/chip8/chip8.go:399.3,401.32 2 1
github.com/bomer/chip8/chip8/chip8.go:404.4,406.9 3 1
github.com/bomer/chip8/chip8/chip8.go:407.3,409.32 2 1
github.com/bomer/chip8/chip8/chip8.go:412.4,414.9 3 1
github.com/bomer/chip8/chip8/chip8.go:415.3,417.9 2 0
github.com/bomer/chip8/chip8/chip8.go:355.28,356.25 1 1
github.com/bomer/chip8/chip8/chip8.go:356.25,359.6 2 1
github.com/bomer/chip8/chip8/chip8.go:361.18,363.5 1 1
github.com/bomer/chip8/chip8/chip8.go:378.44,380.5 1 1
github.com/bomer/chip8/chip8/chip8.go:380.5,382.5 1 1
github.com/bomer/chip8/chip8/chip8.go:401.32,403.5 1 1
github.com/bomer/chip8/chip8/chip8.go:409.32,411.5 1 1
github.com/bomer/chip8/chip8/chip8.go:421.49,425.4 1 1
github.com/bomer/chip8/chip8/chip8.go:431.26,434.3 1 1
github.com/bomer/chip8/chip8/chip8.go:436.26,437.28 1 1
github.com/bomer/chip8/chip8/chip8.go:441.3,441.21 1 1
github.com/bomer/chip8/chip8/chip8.go:437.28,440.4 0 0
